生成启动时间为 2022/1/28 20:23:53。
     1>项目“C:\Users\ZhangZilong\Desktop\植物\代码\Cplantgame\Cplantgame\Cplantgame.vcxproj”在节点 2 上(Build 个目标)。
     1>ClCompile:
         D:\backup20210430\VC\bin\CL.exe /c /ZI /nologo /W3 /WX- /Od /Oy- /D WIN32 /D _DEBUG /D _WINDOWS /D _MBCS /Gm /EHsc /RTC1 /MDd /GS /fp:precise /Zc:wchar_t /Zc:forScope /Fo"Debug\\" /Fd"Debug\vc110.pdb" /Gd /TP /analyze- /errorReport:prompt Cback.cpp Corse_all.cpp Cor_box.cpp CplantApp.cpp Cwinmain.cpp C_cor1.cpp C_cor2.cpp C_cor3.cpp die_box.cpp die_cor.cpp fl.cpp flbox.cpp ms.cpp msbox.cpp shot.cpp shotbox.cpp wd.cpp wdbox.cpp
         wdbox.cpp
         wd.cpp
         shotbox.cpp
         shot.cpp
         msbox.cpp
         ms.cpp
         flbox.cpp
         fl.cpp
         die_cor.cpp
         die_box.cpp
         C_cor3.cpp
     1>c:\users\zhangzilong\desktop\植物\代码\cplantgame\cplantgame\c_cor3.cpp(19): warning C4244: “-=”: 从“double”转换到“int”，可能丢失数据
         C_cor2.cpp
         C_cor1.cpp
     1>c:\users\zhangzilong\desktop\植物\代码\cplantgame\cplantgame\c_cor1.cpp(21): warning C4244: “-=”: 从“double”转换到“int”，可能丢失数据
         Cwinmain.cpp
         CplantApp.cpp
         Cor_box.cpp
         Corse_all.cpp
         Cback.cpp
         正在生成代码...
       ResourceCompile:
         C:\Program Files (x86)\Windows Kits\8.0\bin\x86\rc.exe /l"0x0409" /nologo /fo"Debug\Cplantgame4.res" Cplantgame4.rc 
       Link:
         D:\backup20210430\VC\bin\link.exe /ERRORREPORT:PROMPT /OUT:"C:\Users\ZhangZilong\Desktop\植物\代码\Cplantgame\Debug\Cplantgame.exe" /INCREMENTAL /NOLOGO kernel32.lib user32.lib gdi32.lib winspool.lib comdlg32.lib advapi32.lib shell32.lib ole32.lib oleaut32.lib uuid.lib odbc32.lib odbccp32.lib /MANIFEST /MANIFESTUAC:"level='asInvoker' uiAccess='false'" /manifest:embed /DEBUG /PDB:"C:\Users\ZhangZilong\Desktop\植物\代码\Cplantgame\Debug\Cplantgame.pdb" /SUBSYSTEM:WINDOWS /TLBID:1 /DYNAMICBASE /NXCOMPAT /IMPLIB:"C:\Users\ZhangZilong\Desktop\植物\代码\Cplantgame\Debug\Cplantgame.lib" /MACHINE:X86 Debug\Cplantgame4.res
         Debug\Cback.obj
         Debug\Corse_all.obj
         Debug\Cor_box.obj
         Debug\CplantApp.obj
         Debug\Cwinmain.obj
         Debug\C_cor1.obj
         Debug\C_cor2.obj
         Debug\C_cor3.obj
         Debug\die_box.obj
         Debug\die_cor.obj
         Debug\fl.obj
         Debug\flbox.obj
         Debug\ms.obj
         Debug\msbox.obj
         Debug\shot.obj
         Debug\shotbox.obj
         Debug\wd.obj
         Debug\wdbox.obj
         Cplantgame.vcxproj -> C:\Users\ZhangZilong\Desktop\植物\代码\Cplantgame\Debug\Cplantgame.exe
     1>已完成生成项目“C:\Users\ZhangZilong\Desktop\植物\代码\Cplantgame\Cplantgame\Cplantgame.vcxproj”(Build 个目标)的操作。

生成成功。

已用时间 00:00:14.47
