C:\USERS\ZHANGZILONG\DESKTOP\代码\CPLANTGAME\CPLANTGAME\DEBUG\CBACK.OBJ
C:\USERS\ZHANGZILONG\DESKTOP\代码\CPLANTGAME\CPLANTGAME\DEBUG\CORSE_ALL.OBJ
C:\USERS\ZHANGZILONG\DESKTOP\代码\CPLANTGAME\CPLANTGAME\DEBUG\COR_BOX.OBJ
C:\USERS\ZHANGZILONG\DESKTOP\代码\CPLANTGAME\CPLANTGAME\DEBUG\CPLANTAPP.OBJ
C:\USERS\ZHANGZILONG\DESKTOP\代码\CPLANTGAME\CPLANTGAME\DEBUG\CWINMAIN.OBJ
C:\USERS\ZHANGZILONG\DESKTOP\代码\CPLANTGAME\CPLANTGAME\DEBUG\C_COR1.OBJ
C:\USERS\ZHANGZILONG\DESKTOP\代码\CPLANTGAME\CPLANTGAME\DEBUG\C_COR2.OBJ
C:\USERS\ZHANGZILONG\DESKTOP\代码\CPLANTGAME\CPLANTGAME\DEBUG\C_COR3.OBJ
C:\USERS\ZHANGZILONG\DESKTOP\代码\CPLANTGAME\CPLANTGAME\DEBUG\FLBOX.OBJ
C:\USERS\ZHANGZILONG\DESKTOP\代码\CPLANTGAME\CPLANTGAME\DEBUG\SHOT.OBJ
C:\USERS\ZHANGZILONG\DESKTOP\代码\CPLANTGAME\CPLANTGAME\DEBUG\WDBOX.OBJ
C:\USERS\ZHANGZILONG\DESKTOP\代码\CPLANTGAME\CPLANTGAME\DEBUG\VC110.PDB
C:\USERS\ZHANGZILONG\DESKTOP\代码\CPLANTGAME\CPLANTGAME\DEBUG\SHOTBOX.OBJ
C:\USERS\ZHANGZILONG\DESKTOP\代码\CPLANTGAME\CPLANTGAME\DEBUG\MS.OBJ
C:\USERS\ZHANGZILONG\DESKTOP\代码\CPLANTGAME\CPLANTGAME\DEBUG\MSBOX.OBJ
C:\USERS\ZHANGZILONG\DESKTOP\代码\CPLANTGAME\CPLANTGAME\DEBUG\WD.OBJ
C:\USERS\ZHANGZILONG\DESKTOP\代码\CPLANTGAME\CPLANTGAME\DEBUG\FL.OBJ
C:\USERS\ZHANGZILONG\DESKTOP\代码\CPLANTGAME\CPLANTGAME\DEBUG\DIE_COR.OBJ
C:\USERS\ZHANGZILONG\DESKTOP\代码\CPLANTGAME\DEBUG\CPLANTGAME.ILK
C:\USERS\ZHANGZILONG\DESKTOP\代码\CPLANTGAME\DEBUG\CPLANTGAME.EXE
C:\USERS\ZHANGZILONG\DESKTOP\代码\CPLANTGAME\DEBUG\CPLANTGAME.PDB
C:\USERS\ZHANGZILONG\DESKTOP\代码\CPLANTGAME\CPLANTGAME\DEBUG\CPLANTGAME4.RES
C:\Users\ZhangZilong\Desktop\代码\Cplantgame\Cplantgame\Debug\Cback.obj
C:\Users\ZhangZilong\Desktop\代码\Cplantgame\Cplantgame\Debug\Corse_all.obj
C:\Users\ZhangZilong\Desktop\代码\Cplantgame\Cplantgame\Debug\Cor_box.obj
C:\Users\ZhangZilong\Desktop\代码\Cplantgame\Cplantgame\Debug\CplantApp.obj
C:\Users\ZhangZilong\Desktop\代码\Cplantgame\Cplantgame\Debug\Cwinmain.obj
C:\Users\ZhangZilong\Desktop\代码\Cplantgame\Cplantgame\Debug\C_cor1.obj
C:\Users\ZhangZilong\Desktop\代码\Cplantgame\Cplantgame\Debug\C_cor2.obj
C:\Users\ZhangZilong\Desktop\代码\Cplantgame\Cplantgame\Debug\C_cor3.obj
C:\Users\ZhangZilong\Desktop\代码\Cplantgame\Cplantgame\Debug\die_cor.obj
C:\Users\ZhangZilong\Desktop\代码\Cplantgame\Cplantgame\Debug\fl.obj
C:\Users\ZhangZilong\Desktop\代码\Cplantgame\Cplantgame\Debug\flbox.obj
C:\Users\ZhangZilong\Desktop\代码\Cplantgame\Cplantgame\Debug\ms.obj
C:\Users\ZhangZilong\Desktop\代码\Cplantgame\Cplantgame\Debug\msbox.obj
C:\Users\ZhangZilong\Desktop\代码\Cplantgame\Cplantgame\Debug\shot.obj
C:\Users\ZhangZilong\Desktop\代码\Cplantgame\Cplantgame\Debug\shotbox.obj
C:\Users\ZhangZilong\Desktop\代码\Cplantgame\Cplantgame\Debug\wd.obj
C:\Users\ZhangZilong\Desktop\代码\Cplantgame\Cplantgame\Debug\wdbox.obj
C:\Users\ZhangZilong\Desktop\代码\Cplantgame\Cplantgame\Debug\cl.command.1.tlog
C:\Users\ZhangZilong\Desktop\代码\Cplantgame\Cplantgame\Debug\CL.read.1.tlog
C:\Users\ZhangZilong\Desktop\代码\Cplantgame\Cplantgame\Debug\CL.write.1.tlog
C:\Users\ZhangZilong\Desktop\代码\Cplantgame\Cplantgame\Debug\link-cvtres.read.1.tlog
C:\Users\ZhangZilong\Desktop\代码\Cplantgame\Cplantgame\Debug\link-cvtres.write.1.tlog
C:\Users\ZhangZilong\Desktop\代码\Cplantgame\Cplantgame\Debug\link-rc.read.1.tlog
C:\Users\ZhangZilong\Desktop\代码\Cplantgame\Cplantgame\Debug\link-rc.write.1.tlog
C:\Users\ZhangZilong\Desktop\代码\Cplantgame\Cplantgame\Debug\link.11740-cvtres.read.1.tlog
C:\Users\ZhangZilong\Desktop\代码\Cplantgame\Cplantgame\Debug\link.11740-cvtres.write.1.tlog
C:\Users\ZhangZilong\Desktop\代码\Cplantgame\Cplantgame\Debug\link.11740-rc.read.1.tlog
C:\Users\ZhangZilong\Desktop\代码\Cplantgame\Cplantgame\Debug\link.11740-rc.write.1.tlog
C:\Users\ZhangZilong\Desktop\代码\Cplantgame\Cplantgame\Debug\link.11740.read.1.tlog
C:\Users\ZhangZilong\Desktop\代码\Cplantgame\Cplantgame\Debug\link.11740.write.1.tlog
C:\Users\ZhangZilong\Desktop\代码\Cplantgame\Cplantgame\Debug\link.15712-cvtres.read.1.tlog
C:\Users\ZhangZilong\Desktop\代码\Cplantgame\Cplantgame\Debug\link.15712-cvtres.write.1.tlog
C:\Users\ZhangZilong\Desktop\代码\Cplantgame\Cplantgame\Debug\link.15712-rc.read.1.tlog
C:\Users\ZhangZilong\Desktop\代码\Cplantgame\Cplantgame\Debug\link.15712-rc.write.1.tlog
C:\Users\ZhangZilong\Desktop\代码\Cplantgame\Cplantgame\Debug\link.15712.read.1.tlog
C:\Users\ZhangZilong\Desktop\代码\Cplantgame\Cplantgame\Debug\link.15712.write.1.tlog
C:\Users\ZhangZilong\Desktop\代码\Cplantgame\Cplantgame\Debug\link.28260-cvtres.read.1.tlog
C:\Users\ZhangZilong\Desktop\代码\Cplantgame\Cplantgame\Debug\link.28260-cvtres.write.1.tlog
C:\Users\ZhangZilong\Desktop\代码\Cplantgame\Cplantgame\Debug\link.28260-rc.read.1.tlog
C:\Users\ZhangZilong\Desktop\代码\Cplantgame\Cplantgame\Debug\link.28260-rc.write.1.tlog
C:\Users\ZhangZilong\Desktop\代码\Cplantgame\Cplantgame\Debug\link.28260.read.1.tlog
C:\Users\ZhangZilong\Desktop\代码\Cplantgame\Cplantgame\Debug\link.28260.write.1.tlog
C:\Users\ZhangZilong\Desktop\代码\Cplantgame\Cplantgame\Debug\link.30452-cvtres.read.1.tlog
C:\Users\ZhangZilong\Desktop\代码\Cplantgame\Cplantgame\Debug\link.30452-cvtres.write.1.tlog
C:\Users\ZhangZilong\Desktop\代码\Cplantgame\Cplantgame\Debug\link.30452-rc.read.1.tlog
C:\Users\ZhangZilong\Desktop\代码\Cplantgame\Cplantgame\Debug\link.30452-rc.write.1.tlog
C:\Users\ZhangZilong\Desktop\代码\Cplantgame\Cplantgame\Debug\link.30452.read.1.tlog
C:\Users\ZhangZilong\Desktop\代码\Cplantgame\Cplantgame\Debug\link.30452.write.1.tlog
C:\Users\ZhangZilong\Desktop\代码\Cplantgame\Cplantgame\Debug\link.5396-cvtres.read.1.tlog
C:\Users\ZhangZilong\Desktop\代码\Cplantgame\Cplantgame\Debug\link.5396-cvtres.write.1.tlog
C:\Users\ZhangZilong\Desktop\代码\Cplantgame\Cplantgame\Debug\link.5396-rc.read.1.tlog
C:\Users\ZhangZilong\Desktop\代码\Cplantgame\Cplantgame\Debug\link.5396-rc.write.1.tlog
C:\Users\ZhangZilong\Desktop\代码\Cplantgame\Cplantgame\Debug\link.5396.read.1.tlog
C:\Users\ZhangZilong\Desktop\代码\Cplantgame\Cplantgame\Debug\link.5396.write.1.tlog
C:\Users\ZhangZilong\Desktop\代码\Cplantgame\Cplantgame\Debug\link.644-cvtres.read.1.tlog
C:\Users\ZhangZilong\Desktop\代码\Cplantgame\Cplantgame\Debug\link.644-cvtres.write.1.tlog
C:\Users\ZhangZilong\Desktop\代码\Cplantgame\Cplantgame\Debug\link.644-rc.read.1.tlog
C:\Users\ZhangZilong\Desktop\代码\Cplantgame\Cplantgame\Debug\link.644-rc.write.1.tlog
C:\Users\ZhangZilong\Desktop\代码\Cplantgame\Cplantgame\Debug\link.644.read.1.tlog
C:\Users\ZhangZilong\Desktop\代码\Cplantgame\Cplantgame\Debug\link.644.write.1.tlog
C:\Users\ZhangZilong\Desktop\代码\Cplantgame\Cplantgame\Debug\link.command.1.tlog
C:\Users\ZhangZilong\Desktop\代码\Cplantgame\Cplantgame\Debug\link.read.1.tlog
C:\Users\ZhangZilong\Desktop\代码\Cplantgame\Cplantgame\Debug\link.write.1.tlog
C:\Users\ZhangZilong\Desktop\代码\Cplantgame\Cplantgame\Debug\rc.command.1.tlog
C:\Users\ZhangZilong\Desktop\代码\Cplantgame\Cplantgame\Debug\rc.read.1.tlog
C:\Users\ZhangZilong\Desktop\代码\Cplantgame\Cplantgame\Debug\rc.write.1.tlog
C:\Users\ZhangZilong\Desktop\代码\Cplantgame\Cplantgame\Debug\Cplantgame4.res
C:\Users\ZhangZilong\Desktop\代码\Cplantgame\Cplantgame\Debug\vc110.idb
C:\Users\ZhangZilong\Desktop\代码\Cplantgame\Cplantgame\Debug\vc110.pdb
C:\Users\ZhangZilong\Desktop\代码\Cplantgame\Debug\Cplantgame.pdb
C:\Users\ZhangZilong\Desktop\代码\Cplantgame\Debug\Cplantgame.exe
C:\Users\ZhangZilong\Desktop\代码\Cplantgame\Debug\Cplantgame.ilk
